<?xml version="1.0" encoding="UTF-8"?>
<testsuite xmlns:xsi="http://www.w3.org/2001/XMLSchema-instance" xsi:noNamespaceSchemaLocation="https://maven.apache.org/surefire/maven-surefire-plugin/xsd/surefire-test-report.xsd" name="cloudcode.helloworld.SampleJettyApplicationTests" time="5.399" tests="1" errors="0" skipped="0" failures="0">
  <properties>
    <property name="sun.desktop" value="windows"/>
    <property name="awt.toolkit" value="sun.awt.windows.WToolkit"/>
    <property name="java.specification.version" value="11"/>
    <property name="sun.cpu.isalist" value="amd64"/>
    <property name="sun.jnu.encoding" value="Cp1252"/>
    <property name="java.class.path" value="C:\Users\Anders Fredriksen\IdeaProjects\auto3feeder\target\test-classes;C:\Users\Anders Fredriksen\IdeaProjects\auto3feeder\target\classes;C:\Users\Anders Fredriksen\.m2\repository\org\springframework\boot\spring-boot-starter\2.1.4.RELEASE\spring-boot-starter-2.1.4.RELEASE.jar;C:\Users\Anders Fredriksen\.m2\repository\org\springframework\boot\spring-boot\2.1.4.RELEASE\spring-boot-2.1.4.RELEASE.jar;C:\Users\Anders Fredriksen\.m2\repository\org\springframework\boot\spring-boot-autoconfigure\2.1.4.RELEASE\spring-boot-autoconfigure-2.1.4.RELEASE.jar;C:\Users\Anders Fredriksen\.m2\repository\org\springframework\boot\spring-boot-starter-logging\2.1.4.RELEASE\spring-boot-starter-logging-2.1.4.RELEASE.jar;C:\Users\Anders Fredriksen\.m2\repository\ch\qos\logback\logback-classic\1.2.3\logback-classic-1.2.3.jar;C:\Users\Anders Fredriksen\.m2\repository\ch\qos\logback\logback-core\1.2.3\logback-core-1.2.3.jar;C:\Users\Anders Fredriksen\.m2\repository\org\apache\logging\log4j\log4j-to-slf4j\2.11.2\log4j-to-slf4j-2.11.2.jar;C:\Users\Anders Fredriksen\.m2\repository\org\apache\logging\log4j\log4j-api\2.11.2\log4j-api-2.11.2.jar;C:\Users\Anders Fredriksen\.m2\repository\org\slf4j\jul-to-slf4j\1.7.26\jul-to-slf4j-1.7.26.jar;C:\Users\Anders Fredriksen\.m2\repository\javax\annotation\javax.annotation-api\1.3.2\javax.annotation-api-1.3.2.jar;C:\Users\Anders Fredriksen\.m2\repository\org\springframework\spring-core\5.1.6.RELEASE\spring-core-5.1.6.RELEASE.jar;C:\Users\Anders Fredriksen\.m2\repository\org\springframework\spring-jcl\5.1.6.RELEASE\spring-jcl-5.1.6.RELEASE.jar;C:\Users\Anders Fredriksen\.m2\repository\org\yaml\snakeyaml\1.23\snakeyaml-1.23.jar;C:\Users\Anders Fredriksen\.m2\repository\org\springframework\boot\spring-boot-starter-jetty\2.1.4.RELEASE\spring-boot-starter-jetty-2.1.4.RELEASE.jar;C:\Users\Anders Fredriksen\.m2\repository\org\eclipse\jetty\jetty-servlets\9.4.15.v20190215\jetty-servlets-9.4.15.v20190215.jar;C:\Users\Anders Fredriksen\.m2\repository\org\eclipse\jetty\jetty-continuation\9.4.15.v20190215\jetty-continuation-9.4.15.v20190215.jar;C:\Users\Anders Fredriksen\.m2\repository\org\eclipse\jetty\jetty-http\9.4.15.v20190215\jetty-http-9.4.15.v20190215.jar;C:\Users\Anders Fredriksen\.m2\repository\org\eclipse\jetty\jetty-util\9.4.15.v20190215\jetty-util-9.4.15.v20190215.jar;C:\Users\Anders Fredriksen\.m2\repository\org\eclipse\jetty\jetty-io\9.4.15.v20190215\jetty-io-9.4.15.v20190215.jar;C:\Users\Anders Fredriksen\.m2\repository\org\eclipse\jetty\jetty-webapp\9.4.15.v20190215\jetty-webapp-9.4.15.v20190215.jar;C:\Users\Anders Fredriksen\.m2\repository\org\eclipse\jetty\jetty-xml\9.4.15.v20190215\jetty-xml-9.4.15.v20190215.jar;C:\Users\Anders Fredriksen\.m2\repository\org\eclipse\jetty\jetty-servlet\9.4.15.v20190215\jetty-servlet-9.4.15.v20190215.jar;C:\Users\Anders Fredriksen\.m2\repository\org\eclipse\jetty\jetty-security\9.4.15.v20190215\jetty-security-9.4.15.v20190215.jar;C:\Users\Anders Fredriksen\.m2\repository\org\eclipse\jetty\jetty-server\9.4.15.v20190215\jetty-server-9.4.15.v20190215.jar;C:\Users\Anders Fredriksen\.m2\repository\org\eclipse\jetty\websocket\websocket-server\9.4.15.v20190215\websocket-server-9.4.15.v20190215.jar;C:\Users\Anders Fredriksen\.m2\repository\org\eclipse\jetty\websocket\websocket-common\9.4.15.v20190215\websocket-common-9.4.15.v20190215.jar;C:\Users\Anders Fredriksen\.m2\repository\org\eclipse\jetty\websocket\websocket-api\9.4.15.v20190215\websocket-api-9.4.15.v20190215.jar;C:\Users\Anders Fredriksen\.m2\repository\org\eclipse\jetty\websocket\websocket-client\9.4.15.v20190215\websocket-client-9.4.15.v20190215.jar;C:\Users\Anders Fredriksen\.m2\repository\org\eclipse\jetty\jetty-client\9.4.15.v20190215\jetty-client-9.4.15.v20190215.jar;C:\Users\Anders Fredriksen\.m2\repository\org\eclipse\jetty\websocket\websocket-servlet\9.4.15.v20190215\websocket-servlet-9.4.15.v20190215.jar;C:\Users\Anders Fredriksen\.m2\repository\javax\servlet\javax.servlet-api\4.0.1\javax.servlet-api-4.0.1.jar;C:\Users\Anders Fredriksen\.m2\repository\org\eclipse\jetty\websocket\javax-websocket-server-impl\9.4.15.v20190215\javax-websocket-server-impl-9.4.15.v20190215.jar;C:\Users\Anders Fredriksen\.m2\repository\org\eclipse\jetty\jetty-annotations\9.4.15.v20190215\jetty-annotations-9.4.15.v20190215.jar;C:\Users\Anders Fredriksen\.m2\repository\org\eclipse\jetty\jetty-plus\9.4.15.v20190215\jetty-plus-9.4.15.v20190215.jar;C:\Users\Anders Fredriksen\.m2\repository\org\ow2\asm\asm\7.0\asm-7.0.jar;C:\Users\Anders Fredriksen\.m2\repository\org\ow2\asm\asm-commons\7.0\asm-commons-7.0.jar;C:\Users\Anders Fredriksen\.m2\repository\org\ow2\asm\asm-tree\7.0\asm-tree-7.0.jar;C:\Users\Anders Fredriksen\.m2\repository\org\ow2\asm\asm-analysis\7.0\asm-analysis-7.0.jar;C:\Users\Anders Fredriksen\.m2\repository\org\eclipse\jetty\websocket\javax-websocket-client-impl\9.4.15.v20190215\javax-websocket-client-impl-9.4.15.v20190215.jar;C:\Users\Anders Fredriksen\.m2\repository\javax\websocket\javax.websocket-api\1.1\javax.websocket-api-1.1.jar;C:\Users\Anders Fredriksen\.m2\repository\org\mortbay\jasper\apache-el\8.5.35.1\apache-el-8.5.35.1.jar;C:\Users\Anders Fredriksen\.m2\repository\org\springframework\spring-webmvc\5.1.6.RELEASE\spring-webmvc-5.1.6.RELEASE.jar;C:\Users\Anders Fredriksen\.m2\repository\org\springframework\spring-aop\5.1.6.RELEASE\spring-aop-5.1.6.RELEASE.jar;C:\Users\Anders Fredriksen\.m2\repository\org\springframework\spring-beans\5.1.6.RELEASE\spring-beans-5.1.6.RELEASE.jar;C:\Users\Anders Fredriksen\.m2\repository\org\springframework\spring-context\5.1.6.RELEASE\spring-context-5.1.6.RELEASE.jar;C:\Users\Anders Fredriksen\.m2\repository\org\springframework\spring-expression\5.1.6.RELEASE\spring-expression-5.1.6.RELEASE.jar;C:\Users\Anders Fredriksen\.m2\repository\org\springframework\spring-web\5.1.6.RELEASE\spring-web-5.1.6.RELEASE.jar;C:\Users\Anders Fredriksen\.m2\repository\org\springframework\boot\spring-boot-starter-test\2.1.4.RELEASE\spring-boot-starter-test-2.1.4.RELEASE.jar;C:\Users\Anders Fredriksen\.m2\repository\org\springframework\boot\spring-boot-test\2.1.4.RELEASE\spring-boot-test-2.1.4.RELEASE.jar;C:\Users\Anders Fredriksen\.m2\repository\org\springframework\boot\spring-boot-test-autoconfigure\2.1.4.RELEASE\spring-boot-test-autoconfigure-2.1.4.RELEASE.jar;C:\Users\Anders Fredriksen\.m2\repository\com\jayway\jsonpath\json-path\2.4.0\json-path-2.4.0.jar;C:\Users\Anders Fredriksen\.m2\repository\net\minidev\json-smart\2.3\json-smart-2.3.jar;C:\Users\Anders Fredriksen\.m2\repository\net\minidev\accessors-smart\1.2\accessors-smart-1.2.jar;C:\Users\Anders Fredriksen\.m2\repository\org\slf4j\slf4j-api\1.7.26\slf4j-api-1.7.26.jar;C:\Users\Anders Fredriksen\.m2\repository\junit\junit\4.12\junit-4.12.jar;C:\Users\Anders Fredriksen\.m2\repository\org\assertj\assertj-core\3.11.1\assertj-core-3.11.1.jar;C:\Users\Anders Fredriksen\.m2\repository\org\mockito\mockito-core\2.23.4\mockito-core-2.23.4.jar;C:\Users\Anders Fredriksen\.m2\repository\net\bytebuddy\byte-buddy\1.9.12\byte-buddy-1.9.12.jar;C:\Users\Anders Fredriksen\.m2\repository\net\bytebuddy\byte-buddy-agent\1.9.12\byte-buddy-agent-1.9.12.jar;C:\Users\Anders Fredriksen\.m2\repository\org\objenesis\objenesis\2.6\objenesis-2.6.jar;C:\Users\Anders Fredriksen\.m2\repository\org\hamcrest\hamcrest-core\1.3\hamcrest-core-1.3.jar;C:\Users\Anders Fredriksen\.m2\repository\org\hamcrest\hamcrest-library\1.3\hamcrest-library-1.3.jar;C:\Users\Anders Fredriksen\.m2\repository\org\skyscreamer\jsonassert\1.5.0\jsonassert-1.5.0.jar;C:\Users\Anders Fredriksen\.m2\repository\com\vaadin\external\google\android-json\0.0.20131108.vaadin1\android-json-0.0.20131108.vaadin1.jar;C:\Users\Anders Fredriksen\.m2\repository\org\springframework\spring-test\5.1.6.RELEASE\spring-test-5.1.6.RELEASE.jar;C:\Users\Anders Fredriksen\.m2\repository\org\xmlunit\xmlunit-core\2.6.2\xmlunit-core-2.6.2.jar;C:\Users\Anders Fredriksen\.m2\repository\javax\xml\bind\jaxb-api\2.3.1\jaxb-api-2.3.1.jar;C:\Users\Anders Fredriksen\.m2\repository\javax\activation\javax.activation-api\1.2.0\javax.activation-api-1.2.0.jar;"/>
    <property name="java.vm.vendor" value="Oracle Corporation"/>
    <property name="sun.arch.data.model" value="64"/>
    <property name="user.variant" value=""/>
    <property name="java.vendor.url" value="http://java.oracle.com/"/>
    <property name="user.timezone" value="Europe/Berlin"/>
    <property name="java.vm.specification.version" value="11"/>
    <property name="os.name" value="Windows 10"/>
    <property name="sun.java.launcher" value="SUN_STANDARD"/>
    <property name="user.country" value="NO"/>
    <property name="sun.boot.library.path" value="C:\Program Files\Java\jdk-11.0.1\bin"/>
    <property name="image" value="gcr.io/durs-3280/java-hello-world:latest"/>
    <property name="sun.java.command" value="C:\Users\ANDERS~1\AppData\Local\Temp\surefire886749569346565732\surefirebooter15665941832288499712.jar C:\Users\Anders Fredriksen\AppData\Local\Temp\surefire886749569346565732 2020-03-20T18-00-05_561-jvmRun1 surefire11863097496250239313tmp surefire_039515353680447857tmp"/>
    <property name="jdk.debug" value="release"/>
    <property name="surefire.test.class.path" value="C:\Users\Anders Fredriksen\IdeaProjects\auto3feeder\target\test-classes;C:\Users\Anders Fredriksen\IdeaProjects\auto3feeder\target\classes;C:\Users\Anders Fredriksen\.m2\repository\org\springframework\boot\spring-boot-starter\2.1.4.RELEASE\spring-boot-starter-2.1.4.RELEASE.jar;C:\Users\Anders Fredriksen\.m2\repository\org\springframework\boot\spring-boot\2.1.4.RELEASE\spring-boot-2.1.4.RELEASE.jar;C:\Users\Anders Fredriksen\.m2\repository\org\springframework\boot\spring-boot-autoconfigure\2.1.4.RELEASE\spring-boot-autoconfigure-2.1.4.RELEASE.jar;C:\Users\Anders Fredriksen\.m2\repository\org\springframework\boot\spring-boot-starter-logging\2.1.4.RELEASE\spring-boot-starter-logging-2.1.4.RELEASE.jar;C:\Users\Anders Fredriksen\.m2\repository\ch\qos\logback\logback-classic\1.2.3\logback-classic-1.2.3.jar;C:\Users\Anders Fredriksen\.m2\repository\ch\qos\logback\logback-core\1.2.3\logback-core-1.2.3.jar;C:\Users\Anders Fredriksen\.m2\repository\org\apache\logging\log4j\log4j-to-slf4j\2.11.2\log4j-to-slf4j-2.11.2.jar;C:\Users\Anders Fredriksen\.m2\repository\org\apache\logging\log4j\log4j-api\2.11.2\log4j-api-2.11.2.jar;C:\Users\Anders Fredriksen\.m2\repository\org\slf4j\jul-to-slf4j\1.7.26\jul-to-slf4j-1.7.26.jar;C:\Users\Anders Fredriksen\.m2\repository\javax\annotation\javax.annotation-api\1.3.2\javax.annotation-api-1.3.2.jar;C:\Users\Anders Fredriksen\.m2\repository\org\springframework\spring-core\5.1.6.RELEASE\spring-core-5.1.6.RELEASE.jar;C:\Users\Anders Fredriksen\.m2\repository\org\springframework\spring-jcl\5.1.6.RELEASE\spring-jcl-5.1.6.RELEASE.jar;C:\Users\Anders Fredriksen\.m2\repository\org\yaml\snakeyaml\1.23\snakeyaml-1.23.jar;C:\Users\Anders Fredriksen\.m2\repository\org\springframework\boot\spring-boot-starter-jetty\2.1.4.RELEASE\spring-boot-starter-jetty-2.1.4.RELEASE.jar;C:\Users\Anders Fredriksen\.m2\repository\org\eclipse\jetty\jetty-servlets\9.4.15.v20190215\jetty-servlets-9.4.15.v20190215.jar;C:\Users\Anders Fredriksen\.m2\repository\org\eclipse\jetty\jetty-continuation\9.4.15.v20190215\jetty-continuation-9.4.15.v20190215.jar;C:\Users\Anders Fredriksen\.m2\repository\org\eclipse\jetty\jetty-http\9.4.15.v20190215\jetty-http-9.4.15.v20190215.jar;C:\Users\Anders Fredriksen\.m2\repository\org\eclipse\jetty\jetty-util\9.4.15.v20190215\jetty-util-9.4.15.v20190215.jar;C:\Users\Anders Fredriksen\.m2\repository\org\eclipse\jetty\jetty-io\9.4.15.v20190215\jetty-io-9.4.15.v20190215.jar;C:\Users\Anders Fredriksen\.m2\repository\org\eclipse\jetty\jetty-webapp\9.4.15.v20190215\jetty-webapp-9.4.15.v20190215.jar;C:\Users\Anders Fredriksen\.m2\repository\org\eclipse\jetty\jetty-xml\9.4.15.v20190215\jetty-xml-9.4.15.v20190215.jar;C:\Users\Anders Fredriksen\.m2\repository\org\eclipse\jetty\jetty-servlet\9.4.15.v20190215\jetty-servlet-9.4.15.v20190215.jar;C:\Users\Anders Fredriksen\.m2\repository\org\eclipse\jetty\jetty-security\9.4.15.v20190215\jetty-security-9.4.15.v20190215.jar;C:\Users\Anders Fredriksen\.m2\repository\org\eclipse\jetty\jetty-server\9.4.15.v20190215\jetty-server-9.4.15.v20190215.jar;C:\Users\Anders Fredriksen\.m2\repository\org\eclipse\jetty\websocket\websocket-server\9.4.15.v20190215\websocket-server-9.4.15.v20190215.jar;C:\Users\Anders Fredriksen\.m2\repository\org\eclipse\jetty\websocket\websocket-common\9.4.15.v20190215\websocket-common-9.4.15.v20190215.jar;C:\Users\Anders Fredriksen\.m2\repository\org\eclipse\jetty\websocket\websocket-api\9.4.15.v20190215\websocket-api-9.4.15.v20190215.jar;C:\Users\Anders Fredriksen\.m2\repository\org\eclipse\jetty\websocket\websocket-client\9.4.15.v20190215\websocket-client-9.4.15.v20190215.jar;C:\Users\Anders Fredriksen\.m2\repository\org\eclipse\jetty\jetty-client\9.4.15.v20190215\jetty-client-9.4.15.v20190215.jar;C:\Users\Anders Fredriksen\.m2\repository\org\eclipse\jetty\websocket\websocket-servlet\9.4.15.v20190215\websocket-servlet-9.4.15.v20190215.jar;C:\Users\Anders Fredriksen\.m2\repository\javax\servlet\javax.servlet-api\4.0.1\javax.servlet-api-4.0.1.jar;C:\Users\Anders Fredriksen\.m2\repository\org\eclipse\jetty\websocket\javax-websocket-server-impl\9.4.15.v20190215\javax-websocket-server-impl-9.4.15.v20190215.jar;C:\Users\Anders Fredriksen\.m2\repository\org\eclipse\jetty\jetty-annotations\9.4.15.v20190215\jetty-annotations-9.4.15.v20190215.jar;C:\Users\Anders Fredriksen\.m2\repository\org\eclipse\jetty\jetty-plus\9.4.15.v20190215\jetty-plus-9.4.15.v20190215.jar;C:\Users\Anders Fredriksen\.m2\repository\org\ow2\asm\asm\7.0\asm-7.0.jar;C:\Users\Anders Fredriksen\.m2\repository\org\ow2\asm\asm-commons\7.0\asm-commons-7.0.jar;C:\Users\Anders Fredriksen\.m2\repository\org\ow2\asm\asm-tree\7.0\asm-tree-7.0.jar;C:\Users\Anders Fredriksen\.m2\repository\org\ow2\asm\asm-analysis\7.0\asm-analysis-7.0.jar;C:\Users\Anders Fredriksen\.m2\repository\org\eclipse\jetty\websocket\javax-websocket-client-impl\9.4.15.v20190215\javax-websocket-client-impl-9.4.15.v20190215.jar;C:\Users\Anders Fredriksen\.m2\repository\javax\websocket\javax.websocket-api\1.1\javax.websocket-api-1.1.jar;C:\Users\Anders Fredriksen\.m2\repository\org\mortbay\jasper\apache-el\8.5.35.1\apache-el-8.5.35.1.jar;C:\Users\Anders Fredriksen\.m2\repository\org\springframework\spring-webmvc\5.1.6.RELEASE\spring-webmvc-5.1.6.RELEASE.jar;C:\Users\Anders Fredriksen\.m2\repository\org\springframework\spring-aop\5.1.6.RELEASE\spring-aop-5.1.6.RELEASE.jar;C:\Users\Anders Fredriksen\.m2\repository\org\springframework\spring-beans\5.1.6.RELEASE\spring-beans-5.1.6.RELEASE.jar;C:\Users\Anders Fredriksen\.m2\repository\org\springframework\spring-context\5.1.6.RELEASE\spring-context-5.1.6.RELEASE.jar;C:\Users\Anders Fredriksen\.m2\repository\org\springframework\spring-expression\5.1.6.RELEASE\spring-expression-5.1.6.RELEASE.jar;C:\Users\Anders Fredriksen\.m2\repository\org\springframework\spring-web\5.1.6.RELEASE\spring-web-5.1.6.RELEASE.jar;C:\Users\Anders Fredriksen\.m2\repository\org\springframework\boot\spring-boot-starter-test\2.1.4.RELEASE\spring-boot-starter-test-2.1.4.RELEASE.jar;C:\Users\Anders Fredriksen\.m2\repository\org\springframework\boot\spring-boot-test\2.1.4.RELEASE\spring-boot-test-2.1.4.RELEASE.jar;C:\Users\Anders Fredriksen\.m2\repository\org\springframework\boot\spring-boot-test-autoconfigure\2.1.4.RELEASE\spring-boot-test-autoconfigure-2.1.4.RELEASE.jar;C:\Users\Anders Fredriksen\.m2\repository\com\jayway\jsonpath\json-path\2.4.0\json-path-2.4.0.jar;C:\Users\Anders Fredriksen\.m2\repository\net\minidev\json-smart\2.3\json-smart-2.3.jar;C:\Users\Anders Fredriksen\.m2\repository\net\minidev\accessors-smart\1.2\accessors-smart-1.2.jar;C:\Users\Anders Fredriksen\.m2\repository\org\slf4j\slf4j-api\1.7.26\slf4j-api-1.7.26.jar;C:\Users\Anders Fredriksen\.m2\repository\junit\junit\4.12\junit-4.12.jar;C:\Users\Anders Fredriksen\.m2\repository\org\assertj\assertj-core\3.11.1\assertj-core-3.11.1.jar;C:\Users\Anders Fredriksen\.m2\repository\org\mockito\mockito-core\2.23.4\mockito-core-2.23.4.jar;C:\Users\Anders Fredriksen\.m2\repository\net\bytebuddy\byte-buddy\1.9.12\byte-buddy-1.9.12.jar;C:\Users\Anders Fredriksen\.m2\repository\net\bytebuddy\byte-buddy-agent\1.9.12\byte-buddy-agent-1.9.12.jar;C:\Users\Anders Fredriksen\.m2\repository\org\objenesis\objenesis\2.6\objenesis-2.6.jar;C:\Users\Anders Fredriksen\.m2\repository\org\hamcrest\hamcrest-core\1.3\hamcrest-core-1.3.jar;C:\Users\Anders Fredriksen\.m2\repository\org\hamcrest\hamcrest-library\1.3\hamcrest-library-1.3.jar;C:\Users\Anders Fredriksen\.m2\repository\org\skyscreamer\jsonassert\1.5.0\jsonassert-1.5.0.jar;C:\Users\Anders Fredriksen\.m2\repository\com\vaadin\external\google\android-json\0.0.20131108.vaadin1\android-json-0.0.20131108.vaadin1.jar;C:\Users\Anders Fredriksen\.m2\repository\org\springframework\spring-test\5.1.6.RELEASE\spring-test-5.1.6.RELEASE.jar;C:\Users\Anders Fredriksen\.m2\repository\org\xmlunit\xmlunit-core\2.6.2\xmlunit-core-2.6.2.jar;C:\Users\Anders Fredriksen\.m2\repository\javax\xml\bind\jaxb-api\2.3.1\jaxb-api-2.3.1.jar;C:\Users\Anders Fredriksen\.m2\repository\javax\activation\javax.activation-api\1.2.0\javax.activation-api-1.2.0.jar;"/>
    <property name="sun.cpu.endian" value="little"/>
    <property name="user.home" value="C:\Users\Anders Fredriksen"/>
    <property name="user.language" value="no"/>
    <property name="java.specification.vendor" value="Oracle Corporation"/>
    <property name="java.version.date" value="2018-10-16"/>
    <property name="java.home" value="C:\Program Files\Java\jdk-11.0.1"/>
    <property name="file.separator" value="\"/>
    <property name="basedir" value="C:\Users\Anders Fredriksen\IdeaProjects\auto3feeder"/>
    <property name="java.vm.compressedOopsMode" value="32-bit"/>
    <property name="line.separator" value="&#10;"/>
    <property name="java.specification.name" value="Java Platform API Specification"/>
    <property name="java.vm.specification.vendor" value="Oracle Corporation"/>
    <property name="java.awt.graphicsenv" value="sun.awt.Win32GraphicsEnvironment"/>
    <property name="surefire.real.class.path" value="C:\Users\ANDERS~1\AppData\Local\Temp\surefire886749569346565732\surefirebooter15665941832288499712.jar"/>
    <property name="user.script" value=""/>
    <property name="sun.management.compiler" value="HotSpot 64-Bit Tiered Compilers"/>
    <property name="java.runtime.version" value="11.0.1+13-LTS"/>
    <property name="user.name" value="Anders Fredriksen"/>
    <property name="path.separator" value=";"/>
    <property name="jib.requiredVersion" value="1.4.0"/>
    <property name="os.version" value="10.0"/>
    <property name="java.runtime.name" value="Java(TM) SE Runtime Environment"/>
    <property name="file.encoding" value="Cp1252"/>
    <property name="java.vm.name" value="Java HotSpot(TM) 64-Bit Server VM"/>
    <property name="java.vendor.version" value="18.9"/>
    <property name="jib.console" value="plain"/>
    <property name="localRepository" value="C:\Users\Anders Fredriksen\.m2\repository"/>
    <property name="java.vendor.url.bug" value="http://bugreport.java.com/bugreport/"/>
    <property name="java.io.tmpdir" value="C:\Users\ANDERS~1\AppData\Local\Temp\"/>
    <property name="java.version" value="11.0.1"/>
    <property name="user.dir" value="C:\Users\Anders Fredriksen\IdeaProjects\auto3feeder"/>
    <property name="os.arch" value="amd64"/>
    <property name="java.vm.specification.name" value="Java Virtual Machine Specification"/>
    <property name="java.awt.printerjob" value="sun.awt.windows.WPrinterJob"/>
    <property name="sun.os.patch.level" value=""/>
    <property name="java.library.path" value="C:\Program Files\Java\jdk-11.0.1\bin;C:\WINDOWS\Sun\Java\bin;C:\WINDOWS\system32;C:\WINDOWS;C:\Users\Anders Fredriksen\AppData\Local\cloud-code\bin\versions\4670fbcc96c3558ddc1376208753d4f54d73fc500e739b8990655a34256b638d;C:\Python27\;C:\Python27\Scripts;C:\Program Files (x86)\Common Files\Oracle\Java\javapath;C:\Program Files\Java\jdk-11.0.1\bin;C:\Program Files (x86)\Intel\iCLS Client\;C:\ProgramData\Oracle\Java\javapath;C:\Program Files\Intel\iCLS Client\;C:\WINDOWS\system32;C:\WINDOWS;C:\WINDOWS\System32\Wbem;C:\WINDOWS\System32\WindowsPowerShell\v1.0\;C:\Program Files (x86)\Intel\Intel(R) Management Engine Components\DAL;C:\Program Files\Intel\Intel(R) Management Engine Components\DAL;C:\Program Files (x86)\Intel\Intel(R) Management Engine Components\IPT;C:\Program Files\Intel\Intel(R) Management Engine Components\IPT;C:\WINDOWS\System32\OpenSSH\;C:\Program Files\Java\jdk-11.0.1\bin\;C:\Program Files\Intel\WiFi\bin\;C:\Program Files\Common Files\Intel\WirelessCommon\;C:\Gradle\gradle-5.5.1\bin;C:\Program Files\Git\cmd;C:\Program Files\nodejs\;C:\ProgramData\chocolatey\bin;C:\Program Files (x86)\Yarn\bin\;C:\Python37\Scripts\;C:\Python37\;C:\Users\Anders Fredriksen\AppData\Local\Programs\Python\Launcher\;C:\Users\Anders Fredriksen\AppData\Local\Microsoft\WindowsApps;C:\Program Files\JetBrains\PyCharm 2019.2.3\bin;C:\Program Files\JetBrains\IntelliJ IDEA 2019.2.3\bin;C:\Users\Anders Fredriksen\.kube;C:\Users\Anders Fredriksen\AppData\Roaming\npm;C:\Users\Anders Fredriksen\AppData\Local\GitHubDesktop\bin;C:\Users\Anders Fredriksen\AppData\Local\Google\Cloud SDK\google-cloud-sdk\bin;C:\Users\Anders Fredriksen\AppData\Local\Yarn\bin;C:\Program Files\Docker Toolbox;;C:\Users\Anders Fredriksen\AppData\Local\google\ct4j-cloud-sdk\LATEST\google-cloud-sdk\bin;."/>
    <property name="java.vendor" value="Oracle Corporation"/>
    <property name="java.vm.info" value="mixed mode"/>
    <property name="java.vm.version" value="11.0.1+13-LTS"/>
    <property name="sun.io.unicode.encoding" value="UnicodeLittle"/>
    <property name="java.class.version" value="55.0"/>
  </properties>
  <testcase name="testHome" classname="cloudcode.helloworld.SampleJettyApplicationTests" time="0.895"/>
</testsuite>